Log file open, 07/14/20 17:21:50
LogInit: Display: Running engine for game: ToonTanks
LogPlatformFile: Not using cached read wrapper
LogTaskGraph: Started task graph with 5 named threads and 35 total threads with 3 sets of task threads.
LogStats: Stats thread started at 7.109440
LogD3D11RHI: Loaded GFSDK_Aftermath_Lib.x64.dll
LogICUInternationalization: ICU TimeZone Detection - Raw Offset: -8:00, Platform Override: ''
LogPluginManager: Mounting plugin Paper2D
LogPluginManager: Mounting plugin AISupport
LogPluginManager: Mounting plugin LightPropagationVolume
LogPluginManager: Mounting plugin CameraShakePreviewer
LogPluginManager: Mounting plugin ActorLayerUtilities
LogPluginManager: Mounting plugin AnimationSharing
LogPluginManager: Mounting plugin CLionSourceCodeAccess
LogPluginManager: Mounting plugin CodeLiteSourceCodeAccess
LogPluginManager: Mounting plugin GitSourceControl
LogPluginManager: Mounting plugin KDevelopSourceCodeAccess
LogPluginManager: Mounting plugin NullSourceCodeAccess
LogPluginManager: Mounting plugin PerforceSourceControl
LogPluginManager: Mounting plugin PlasticSourceControl
LogPluginManager: Mounting plugin RiderSourceCodeAccess
LogPluginManager: Mounting plugin SubversionSourceControl
LogPluginManager: Mounting plugin UObjectPlugin
LogPluginManager: Mounting plugin VisualStudioCodeSourceCodeAccess
LogPluginManager: Mounting plugin VisualStudioSourceCodeAccess
LogPluginManager: Mounting plugin XCodeSourceCodeAccess
LogPluginManager: Mounting plugin AssetManagerEditor
LogPluginManager: Mounting plugin CryptoKeys
LogPluginManager: Mounting plugin CurveEditorTools
LogPluginManager: Mounting plugin DataValidation
LogPluginManager: Mounting plugin EditorScriptingUtilities
LogPluginManager: Mounting plugin FacialAnimation
LogPluginManager: Mounting plugin GameplayTagsEditor
LogPluginManager: Mounting plugin GeometryMode
LogPluginManager: Mounting plugin MacGraphicsSwitching
LogPluginManager: Mounting plugin MaterialAnalyzer
LogPluginManager: Mounting plugin MobileLauncherProfileWizard
LogPluginManager: Mounting plugin PluginBrowser
LogPluginManager: Mounting plugin SpeedTreeImporter
LogPluginManager: Mounting plugin DatasmithContent
LogPluginManager: Mounting plugin VariantManagerContent
LogPluginManager: Mounting plugin AlembicImporter
LogPluginManager: Mounting plugin AutomationUtils
LogPluginManager: Mounting plugin BackChannel
LogPluginManager: Mounting plugin ChaosCloth
LogPluginManager: Mounting plugin ChaosClothEditor
LogPluginManager: Mounting plugin ChaosEditor
LogPluginManager: Mounting plugin ChaosNiagara
LogPluginManager: Mounting plugin ChaosSolverPlugin
LogPluginManager: Mounting plugin CharacterAI
LogPluginManager: Mounting plugin GeometryCache
LogPluginManager: Mounting plugin GeometryCollectionPlugin
LogPluginManager: Mounting plugin GeometryProcessing
LogPluginManager: Mounting plugin PlanarCut
LogPluginManager: Mounting plugin PlatformCrypto
LogPluginManager: Mounting plugin ProxyLODPlugin
LogPluginManager: Mounting plugin SkeletalReduction
LogPluginManager: Mounting plugin Niagara
LogPluginManager: Mounting plugin MagicLeap
LogPluginManager: Mounting plugin MagicLeapLightEstimation
LogPluginManager: Mounting plugin MagicLeapMedia
LogPluginManager: Mounting plugin MagicLeapPassableWorld
LogPluginManager: Mounting plugin MLSDK
LogPluginManager: Mounting plugin AndroidMedia
LogPluginManager: Mounting plugin AvfMedia
LogPluginManager: Mounting plugin ImgMedia
LogPluginManager: Mounting plugin MediaCompositing
LogPluginManager: Mounting plugin MediaPlayerEditor
LogPluginManager: Mounting plugin WebMMedia
LogPluginManager: Mounting plugin WmfMedia
LogPluginManager: Mounting plugin MeshPainting
LogPluginManager: Mounting plugin TcpMessaging
LogPluginManager: Mounting plugin UdpMessaging
LogPluginManager: Mounting plugin ActorSequence
LogPluginManager: Mounting plugin LevelSequenceEditor
LogPluginManager: Mounting plugin MatineeToLevelSequence
LogPluginManager: Mounting plugin MovieRenderPipeline
LogPluginManager: Mounting plugin TemplateSequence
LogPluginManager: Mounting plugin NetcodeUnitTest
LogPluginManager: Mounting plugin NUTUnrealEngine4
LogPluginManager: Mounting plugin OnlineSubsystemGooglePlay
LogPluginManager: Mounting plugin OnlineSubsystemIOS
LogPluginManager: Mounting plugin OnlineSubsystem
LogPluginManager: Mounting plugin OnlineSubsystemNull
LogPluginManager: Mounting plugin OnlineSubsystemUtils
LogPluginManager: Mounting plugin LauncherChunkInstaller
LogPluginManager: Mounting plugin AndroidDeviceProfileSelector
LogPluginManager: Mounting plugin AndroidMoviePlayer
LogPluginManager: Mounting plugin AndroidPermission
LogPluginManager: Mounting plugin AppleImageUtils
LogPluginManager: Mounting plugin AppleMoviePlayer
LogPluginManager: Mounting plugin ArchVisCharacter
LogPluginManager: Mounting plugin AssetTags
LogPluginManager: Mounting plugin AudioCapture
LogPluginManager: Mounting plugin CableComponent
LogPluginManager: Mounting plugin CustomMeshComponent
LogPluginManager: Mounting plugin EditableMesh
LogPluginManager: Mounting plugin ExampleDeviceProfileSelector
LogPluginManager: Mounting plugin GoogleCloudMessaging
LogPluginManager: Mounting plugin GooglePAD
LogPluginManager: Mounting plugin IOSDeviceProfileSelector
LogPluginManager: Mounting plugin LinuxDeviceProfileSelector
LogPluginManager: Mounting plugin LocationServicesBPLibrary
LogPluginManager: Mounting plugin MobilePatchingUtils
LogPluginManager: Mounting plugin OculusVR
LogPluginManager: Mounting plugin PhysXVehicles
LogPluginManager: Mounting plugin PostSplashScreen
LogPluginManager: Mounting plugin ProceduralMeshComponent
LogPluginManager: Mounting plugin RuntimePhysXCooking
LogPluginManager: Mounting plugin SignificanceManager
LogPluginManager: Mounting plugin SoundFields
LogPluginManager: Mounting plugin SteamVR
LogPluginManager: Mounting plugin Synthesis
LogPluginManager: Mounting plugin WebMMoviePlayer
LogPluginManager: Mounting plugin WindowsMoviePlayer
LogPluginManager: Mounting plugin ScreenshotTools
LogInit: Using libcurl 7.55.1-DEV
LogInit:  - built for x86_64-pc-win32
LogInit:  - supports SSL with OpenSSL/1.1.1
LogInit:  - supports HTTP deflate (compression) using libz 1.2.8
LogInit:  - other features:
LogInit:      CURL_VERSION_SSL
LogInit:      CURL_VERSION_LIBZ
LogInit:      CURL_VERSION_IPV6
LogInit:      CURL_VERSION_ASYNCHDNS
LogInit:      CURL_VERSION_LARGEFILE
LogInit:      CURL_VERSION_IDN
LogInit:  CurlRequestOptions (configurable via config and command line):
LogInit:  - bVerifyPeer = true  - Libcurl will verify peer certificate
LogInit:  - bUseHttpProxy = false  - Libcurl will NOT use HTTP proxy
LogInit:  - bDontReuseConnections = false  - Libcurl will reuse connections
LogInit:  - MaxHostConnections = 16  - Libcurl will limit the number of connections to a host
LogInit:  - LocalHostAddr = Default
LogInit:  - BufferSize = 65536
LogOnline: OSS: Creating online subsystem instance for: NULL
LogInit: WinSock: version 1.1 (2.2), MaxSocks=32767, MaxUdp=65467
LogOnline: OSS: TryLoadSubsystemAndSetDefault: Loaded subsystem for module [NULL]
LogInit: Build: ++UE4+Release-4.25-CL-13594126
LogInit: Engine Version: 4.25.1-13594126+++UE4+Release-4.25
LogInit: Compatible Engine Version: 4.25.0-13144385+++UE4+Release-4.25
LogInit: Net CL: 13144385
LogInit: OS: Windows 10 (Release 1803) (), CPU: Intel(R) Core(TM) i7-8700K CPU @ 3.70GHz, GPU: NVIDIA GeForce GTX 1080 Ti
LogInit: Compiled (64-bit): Jun  2 2020 02:10:36
LogInit: Compiled with Visual C++: 19.24.28315.00
LogInit: Build Configuration: Development
LogInit: Branch Name: ++UE4+Release-4.25
LogInit: Command Line: 
LogInit: Base Directory: H:/UE_4.25/Engine/Binaries/Win64/
LogInit: Allocator: TBB
LogInit: Installed Engine Build: 1
LogDevObjectVersion: Number of dev versions registered: 26
LogDevObjectVersion:   Dev-Blueprints (B0D832E4-1F89-4F0D-ACCF-7EB736FD4AA2): 10
LogDevObjectVersion:   Dev-Build (E1C64328-A22C-4D53-A36C-8E866417BD8C): 0
LogDevObjectVersion:   Dev-Core (375EC13C-06E4-48FB-B500-84F0262A717E): 4
LogDevObjectVersion:   Dev-Editor (E4B068ED-F494-42E9-A231-DA0B2E46BB41): 38
LogDevObjectVersion:   Dev-Framework (CFFC743F-43B0-4480-9391-14DF171D2073): 37
LogDevObjectVersion:   Dev-Mobile (B02B49B5-BB20-44E9-A304-32B752E40360): 2
LogDevObjectVersion:   Dev-Networking (A4E4105C-59A1-49B5-A7C5-40C4547EDFEE): 0
LogDevObjectVersion:   Dev-Online (39C831C9-5AE6-47DC-9A44-9C173E1C8E7C): 0
LogDevObjectVersion:   Dev-Physics (78F01B33-EBEA-4F98-B9B4-84EACCB95AA2): 4
LogDevObjectVersion:   Dev-Platform (6631380F-2D4D-43E0-8009-CF276956A95A): 0
LogDevObjectVersion:   Dev-Rendering (12F88B9F-8875-4AFC-A67C-D90C383ABD29): 43
LogDevObjectVersion:   Dev-Sequencer (7B5AE74C-D270-4C10-A958-57980B212A5A): 12
LogDevObjectVersion:   Dev-VR (D7296918-1DD6-4BDD-9DE2-64A83CC13884): 3
LogDevObjectVersion:   Dev-LoadTimes (C2A15278-BFE7-4AFE-6C17-90FF531DF755): 1
LogDevObjectVersion:   Private-Geometry (6EACA3D4-40EC-4CC1-B786-8BED09428FC5): 3
LogDevObjectVersion:   Dev-AnimPhys (29E575DD-E0A3-4627-9D10-D276232CDCEA): 17
LogDevObjectVersion:   Dev-Anim (AF43A65D-7FD3-4947-9873-3E8ED9C1BB05): 7
LogDevObjectVersion:   Dev-ReflectionCapture (6B266CEC-1EC7-4B8F-A30B-E4D90942FC07): 1
LogDevObjectVersion:   Dev-Automation (0DF73D61-A23F-47EA-B727-89E90C41499A): 1
LogDevObjectVersion:   FortniteMain (601D1886-AC64-4F84-AA16-D3DE0DEAC7D6): 31
LogDevObjectVersion:   Dev-Enterprise (9DFFBCD6-494F-0158-E221-12823C92A888): 10
LogDevObjectVersion:   Dev-Niagara (F2AED0AC-9AFE-416F-8664-AA7FFA26D6FC): 1
LogDevObjectVersion:   Dev-Destruction (174F1F0B-B4C6-45A5-B13F-2EE8D0FB917D): 10
LogDevObjectVersion:   Dev-Physics-Ext (35F94A83-E258-406C-A318-09F59610247C): 37
LogDevObjectVersion:   Dev-PhysicsMaterial-Chaos (B68FC16E-8B1B-42E2-B453-215C058844FE): 1
LogDevObjectVersion:   Dev-CineCamera (B2E18506-4273-CFC2-A54E-F4BB758BBA07): 1
LogInit: Presizing for max 25165824 objects, including 0 objects not considered by GC, pre-allocating 0 bytes for permanent pool.
LogConfig: Applying CVar settings from Section [/Script/Engine.StreamingSettings] File [E:/Udemy/unreal/ToonTanks/Saved/Config/Windows/Engine.ini]
LogConfig: Setting CVar [[s.MinBulkDataSizeForAsyncLoading:131072]]
LogConfig: Setting CVar [[s.AsyncLoadingThreadEnabled:0]]
LogConfig: Setting CVar [[s.EventDrivenLoaderEnabled:1]]
LogConfig: Setting CVar [[s.WarnIfTimeLimitExceeded:0]]
LogConfig: Setting CVar [[s.TimeLimitExceededMultiplier:1.5]]
LogConfig: Setting CVar [[s.TimeLimitExceededMinTime:0.005]]
LogConfig: Setting CVar [[s.UseBackgroundLevelStreaming:1]]
LogConfig: Setting CVar [[s.PriorityAsyncLoadingExtraTime:15.0]]
LogConfig: Setting CVar [[s.LevelStreamingActorsUpdateTimeLimit:5.0]]
LogConfig: Setting CVar [[s.PriorityLevelStreamingActorsUpdateExtraTime:5.0]]
LogConfig: Setting CVar [[s.LevelStreamingComponentsRegistrationGranularity:10]]
LogConfig: Setting CVar [[s.UnregisterComponentsTimeLimit:1.0]]
LogConfig: Setting CVar [[s.LevelStreamingComponentsUnregistrationGranularity:5]]
LogConfig: Setting CVar [[s.FlushStreamingOnExit:1]]
LogInit: Object subsystem initialized
LogConfig: Setting CVar [[con.DebugEarlyDefault:1]]
LogConfig: Setting CVar [[r.setres:1280x720]]
[2020.07.15-00.21.51:503][  0]LogConfig: Setting CVar [[r.VSync:0]]
[2020.07.15-00.21.51:503][  0]LogConfig: Setting CVar [[r.RHICmdBypass:0]]
[2020.07.15-00.21.51:503][  0]LogConfig: Applying CVar settings from Section [/Script/Engine.RendererSettings] File [E:/Udemy/unreal/ToonTanks/Saved/Config/Windows/Engine.ini]
[2020.07.15-00.21.51:503][  0]LogConfig: Setting CVar [[r.GPUCrashDebugging:0]]
[2020.07.15-00.21.51:503][  0]LogConfig: Setting CVar [[r.DefaultFeature.AutoExposure.ExtendDefaultLuminanceRange:1]]
[2020.07.15-00.21.51:503][  0]LogConfig: Setting CVar [[r.DefaultFeature.AutoExposure:0]]
[2020.07.15-00.21.51:503][  0]LogConfig: Applying CVar settings from Section [/Script/Engine.RendererOverrideSettings] File [E:/Udemy/unreal/ToonTanks/Saved/Config/Windows/Engine.ini]
[2020.07.15-00.21.51:503][  0]LogConfig: Applying CVar settings from Section [/Script/Engine.StreamingSettings] File [E:/Udemy/unreal/ToonTanks/Saved/Config/Windows/Engine.ini]
[2020.07.15-00.21.51:503][  0]LogConfig: Setting CVar [[s.MinBulkDataSizeForAsyncLoading:131072]]
[2020.07.15-00.21.51:503][  0]LogConfig: Setting CVar [[s.AsyncLoadingThreadEnabled:0]]
[2020.07.15-00.21.51:504][  0]LogConfig: Setting CVar [[s.EventDrivenLoaderEnabled:1]]
[2020.07.15-00.21.51:504][  0]LogConfig: Setting CVar [[s.WarnIfTimeLimitExceeded:0]]
[2020.07.15-00.21.51:504][  0]LogConfig: Setting CVar [[s.TimeLimitExceededMultiplier:1.5]]
[2020.07.15-00.21.51:504][  0]LogConfig: Setting CVar [[s.TimeLimitExceededMinTime:0.005]]
[2020.07.15-00.21.51:504][  0]LogConfig: Setting CVar [[s.UseBackgroundLevelStreaming:1]]
[2020.07.15-00.21.51:504][  0]LogConfig: Setting CVar [[s.PriorityAsyncLoadingExtraTime:15.0]]
[2020.07.15-00.21.51:504][  0]LogConfig: Setting CVar [[s.LevelStreamingActorsUpdateTimeLimit:5.0]]
[2020.07.15-00.21.51:504][  0]LogConfig: Setting CVar [[s.PriorityLevelStreamingActorsUpdateExtraTime:5.0]]
[2020.07.15-00.21.51:504][  0]LogConfig: Setting CVar [[s.LevelStreamingComponentsRegistrationGranularity:10]]
[2020.07.15-00.21.51:504][  0]LogConfig: Setting CVar [[s.UnregisterComponentsTimeLimit:1.0]]
[2020.07.15-00.21.51:504][  0]LogConfig: Setting CVar [[s.LevelStreamingComponentsUnregistrationGranularity:5]]
[2020.07.15-00.21.51:504][  0]LogConfig: Setting CVar [[s.FlushStreamingOnExit:1]]
[2020.07.15-00.21.51:504][  0]LogConfig: Applying CVar settings from Section [/Script/Engine.GarbageCollectionSettings] File [E:/Udemy/unreal/ToonTanks/Saved/Config/Windows/Engine.ini]
[2020.07.15-00.21.51:504][  0]LogConfig: Setting CVar [[gc.MaxObjectsNotConsideredByGC:1]]
[2020.07.15-00.21.51:504][  0]LogConfig: Setting CVar [[gc.SizeOfPermanentObjectPool:0]]
[2020.07.15-00.21.51:504][  0]LogConfig: Setting CVar [[gc.FlushStreamingOnGC:0]]
[2020.07.15-00.21.51:504][  0]LogConfig: Setting CVar [[gc.NumRetriesBeforeForcingGC:10]]
[2020.07.15-00.21.51:504][  0]LogConfig: Setting CVar [[gc.AllowParallelGC:1]]
[2020.07.15-00.21.51:504][  0]LogConfig: Setting CVar [[gc.TimeBetweenPurgingPendingKillObjects:61.1]]
[2020.07.15-00.21.51:504][  0]LogConfig: Setting CVar [[gc.MaxObjectsInEditor:25165824]]
[2020.07.15-00.21.51:504][  0]LogConfig: Setting CVar [[gc.IncrementalBeginDestroyEnabled:1]]
[2020.07.15-00.21.51:504][  0]LogConfig: Setting CVar [[gc.CreateGCClusters:1]]
[2020.07.15-00.21.51:504][  0]LogConfig: Setting CVar [[gc.MinGCClusterSize:5]]
[2020.07.15-00.21.51:504][  0]LogConfig: Setting CVar [[gc.ActorClusteringEnabled:0]]
[2020.07.15-00.21.51:504][  0]LogConfig: Setting CVar [[gc.BlueprintClusteringEnabled:0]]
[2020.07.15-00.21.51:504][  0]LogConfig: Setting CVar [[gc.UseDisregardForGCOnDedicatedServers:0]]
[2020.07.15-00.21.51:504][  0]LogConfig: Applying CVar settings from Section [/Script/Engine.NetworkSettings] File [E:/Udemy/unreal/ToonTanks/Saved/Config/Windows/Engine.ini]
[2020.07.15-00.21.51:504][  0]LogConfig: Applying CVar settings from Section [/Script/UnrealEd.CookerSettings] File [E:/Udemy/unreal/ToonTanks/Saved/Config/Windows/Engine.ini]
[2020.07.15-00.21.51:513][  0]LogConfig: Applying CVar settings from Section [ViewDistanceQuality@3] File [E:/Udemy/unreal/ToonTanks/Saved/Config/Windows/Scalability.ini]
[2020.07.15-00.21.51:513][  0]LogConfig: Setting CVar [[r.SkeletalMeshLODBias:0]]
[2020.07.15-00.21.51:513][  0]LogConfig: Setting CVar [[r.ViewDistanceScale:1.0]]
[2020.07.15-00.21.51:513][  0]LogConfig: Applying CVar settings from Section [AntiAliasingQuality@3] File [E:/Udemy/unreal/ToonTanks/Saved/Config/Windows/Scalability.ini]
[2020.07.15-00.21.51:513][  0]LogConfig: Setting CVar [[r.PostProcessAAQuality:4]]
[2020.07.15-00.21.51:514][  0]LogConfig: Applying CVar settings from Section [ShadowQuality@3] File [E:/Udemy/unreal/ToonTanks/Saved/Config/Windows/Scalability.ini]
[2020.07.15-00.21.51:514][  0]LogConfig: Setting CVar [[r.LightFunctionQuality:1]]
[2020.07.15-00.21.51:514][  0]LogConfig: Setting CVar [[r.ShadowQuality:5]]
[2020.07.15-00.21.51:514][  0]LogConfig: Setting CVar [[r.Shadow.CSM.MaxCascades:10]]
[2020.07.15-00.21.51:514][  0]LogConfig: Setting CVar [[r.Shadow.MaxResolution:2048]]
[2020.07.15-00.21.51:514][  0]LogConfig: Setting CVar [[r.Shadow.MaxCSMResolution:2048]]
[2020.07.15-00.21.51:514][  0]LogConfig: Setting CVar [[r.Shadow.RadiusThreshold:0.01]]
[2020.07.15-00.21.51:514][  0]LogConfig: Setting CVar [[r.Shadow.DistanceScale:1.0]]
[2020.07.15-00.21.51:514][  0]LogConfig: Setting CVar [[r.Shadow.CSM.TransitionScale:1.0]]
[2020.07.15-00.21.51:514][  0]LogConfig: Setting CVar [[r.Shadow.PreShadowResolutionFactor:1.0]]
[2020.07.15-00.21.51:514][  0]LogConfig: Setting CVar [[r.DistanceFieldShadowing:1]]
[2020.07.15-00.21.51:514][  0]LogConfig: Setting CVar [[r.DistanceFieldAO:1]]
[2020.07.15-00.21.51:514][  0]LogConfig: Setting CVar [[r.AOQuality:2]]
[2020.07.15-00.21.51:514][  0]LogConfig: Setting CVar [[r.VolumetricFog:1]]
[2020.07.15-00.21.51:514][  0]LogConfig: Setting CVar [[r.VolumetricFog.GridPixelSize:8]]
[2020.07.15-00.21.51:514][  0]LogConfig: Setting CVar [[r.VolumetricFog.GridSizeZ:128]]
[2020.07.15-00.21.51:514][  0]LogConfig: Setting CVar [[r.VolumetricFog.HistoryMissSupersampleCount:4]]
[2020.07.15-00.21.51:514][  0]LogConfig: Setting CVar [[r.LightMaxDrawDistanceScale:1]]
[2020.07.15-00.21.51:514][  0]LogConfig: Setting CVar [[r.CapsuleShadows:1]]
[2020.07.15-00.21.51:514][  0]LogConfig: Applying CVar settings from Section [PostProcessQuality@3] File [E:/Udemy/unreal/ToonTanks/Saved/Config/Windows/Scalability.ini]
[2020.07.15-00.21.51:514][  0]LogConfig: Setting CVar [[r.MotionBlurQuality:4]]
[2020.07.15-00.21.51:514][  0]LogConfig: Setting CVar [[r.AmbientOcclusionMipLevelFactor:0.4]]
[2020.07.15-00.21.51:514][  0]LogConfig: Setting CVar [[r.AmbientOcclusionMaxQuality:100]]
[2020.07.15-00.21.51:514][  0]LogConfig: Setting CVar [[r.AmbientOcclusionLevels:-1]]
[2020.07.15-00.21.51:514][  0]LogConfig: Setting CVar [[r.AmbientOcclusionRadiusScale:1.0]]
[2020.07.15-00.21.51:514][  0]LogConfig: Setting CVar [[r.DepthOfFieldQuality:2]]
[2020.07.15-00.21.51:514][  0]LogConfig: Setting CVar [[r.RenderTargetPoolMin:400]]
[2020.07.15-00.21.51:514][  0]LogConfig: Setting CVar [[r.LensFlareQuality:2]]
[2020.07.15-00.21.51:514][  0]LogConfig: Setting CVar [[r.SceneColorFringeQuality:1]]
[2020.07.15-00.21.51:514][  0]LogConfig: Setting CVar [[r.EyeAdaptationQuality:2]]
[2020.07.15-00.21.51:514][  0]LogConfig: Setting CVar [[r.BloomQuality:5]]
[2020.07.15-00.21.51:514][  0]LogConfig: Setting CVar [[r.FastBlurThreshold:100]]
[2020.07.15-00.21.51:514][  0]LogConfig: Setting CVar [[r.Upscale.Quality:3]]
[2020.07.15-00.21.51:514][  0]LogConfig: Setting CVar [[r.Tonemapper.GrainQuantization:1]]
[2020.07.15-00.21.51:514][  0]LogConfig: Setting CVar [[r.LightShaftQuality:1]]
[2020.07.15-00.21.51:514][  0]LogConfig: Setting CVar [[r.Filter.SizeScale:1]]
[2020.07.15-00.21.51:514][  0]LogConfig: Setting CVar [[r.Tonemapper.Quality:5]]
[2020.07.15-00.21.51:514][  0]LogConfig: Setting CVar [[r.DOF.Gather.AccumulatorQuality:1        ; higher gathering accumulator quality]]
[2020.07.15-00.21.51:514][  0]LogConfig: Setting CVar [[r.DOF.Gather.PostfilterMethod:1          ; Median3x3 postfilering method]]
[2020.07.15-00.21.51:514][  0]LogConfig: Setting CVar [[r.DOF.Gather.EnableBokehSettings:0       ; no bokeh simulation when gathering]]
[2020.07.15-00.21.51:514][  0]LogConfig: Setting CVar [[r.DOF.Gather.RingCount:4                 ; medium number of samples when gathering]]
[2020.07.15-00.21.51:514][  0]LogConfig: Setting CVar [[r.DOF.Scatter.ForegroundCompositing:1    ; additive foreground scattering]]
[2020.07.15-00.21.51:514][  0]LogConfig: Setting CVar [[r.DOF.Scatter.BackgroundCompositing:2    ; additive background scattering]]
[2020.07.15-00.21.51:514][  0]LogConfig: Setting CVar [[r.DOF.Scatter.EnableBokehSettings:1      ; bokeh simulation when scattering]]
[2020.07.15-00.21.51:514][  0]LogConfig: Setting CVar [[r.DOF.Scatter.MaxSpriteRatio:0.1         ; only a maximum of 10% of scattered bokeh]]
[2020.07.15-00.21.51:514][  0]LogConfig: Setting CVar [[r.DOF.Recombine.Quality:1                ; cheap slight out of focus]]
[2020.07.15-00.21.51:514][  0]LogConfig: Setting CVar [[r.DOF.Recombine.EnableBokehSettings:0    ; no bokeh simulation on slight out of focus]]
[2020.07.15-00.21.51:514][  0]LogConfig: Setting CVar [[r.DOF.TemporalAAQuality:1                ; more stable temporal accumulation]]
[2020.07.15-00.21.51:514][  0]LogConfig: Setting CVar [[r.DOF.Kernel.MaxForegroundRadius:0.025]]
[2020.07.15-00.21.51:514][  0]LogConfig: Setting CVar [[r.DOF.Kernel.MaxBackgroundRadius:0.025]]
[2020.07.15-00.21.51:514][  0]LogConfig: Applying CVar settings from Section [TextureQuality@3] File [E:/Udemy/unreal/ToonTanks/Saved/Config/Windows/Scalability.ini]
[2020.07.15-00.21.51:514][  0]LogConfig: Setting CVar [[r.Streaming.MipBias:0]]
[2020.07.15-00.21.51:514][  0]LogConfig: Setting CVar [[r.Streaming.AmortizeCPUToGPUCopy:0]]
[2020.07.15-00.21.51:514][  0]LogConfig: Setting CVar [[r.Streaming.MaxNumTexturesToStreamPerFrame:0]]
[2020.07.15-00.21.51:514][  0]LogConfig: Setting CVar [[r.Streaming.Boost:1]]
[2020.07.15-00.21.51:514][  0]LogConfig: Setting CVar [[r.MaxAnisotropy:8]]
[2020.07.15-00.21.51:514][  0]LogConfig: Setting CVar [[r.VT.MaxAnisotropy:8]]
[2020.07.15-00.21.51:514][  0]LogConfig: Setting CVar [[r.Streaming.LimitPoolSizeToVRAM:0]]
[2020.07.15-00.21.51:514][  0]LogConfig: Setting CVar [[r.Streaming.PoolSize:1000]]
[2020.07.15-00.21.51:514][  0]LogConfig: Setting CVar [[r.Streaming.MaxEffectiveScreenSize:0]]
[2020.07.15-00.21.51:514][  0]LogConfig: Applying CVar settings from Section [EffectsQuality@3] File [E:/Udemy/unreal/ToonTanks/Saved/Config/Windows/Scalability.ini]
[2020.07.15-00.21.51:514][  0]LogConfig: Setting CVar [[r.TranslucencyLightingVolumeDim:64]]
[2020.07.15-00.21.51:514][  0]LogConfig: Setting CVar [[r.RefractionQuality:2]]
[2020.07.15-00.21.51:514][  0]LogConfig: Setting CVar [[r.SSR.Quality:3]]
[2020.07.15-00.21.51:514][  0]LogConfig: Setting CVar [[r.SSR.HalfResSceneColor:0]]
[2020.07.15-00.21.51:514][  0]LogConfig: Setting CVar [[r.SceneColorFormat:4]]
[2020.07.15-00.21.51:514][  0]LogConfig: Setting CVar [[r.DetailMode:2]]
[2020.07.15-00.21.51:514][  0]LogConfig: Setting CVar [[r.TranslucencyVolumeBlur:1]]
[2020.07.15-00.21.51:514][  0]LogConfig: Setting CVar [[r.MaterialQualityLevel:1 ; High quality]]
[2020.07.15-00.21.51:514][  0]LogConfig: Setting CVar [[r.SSS.Scale:1]]
[2020.07.15-00.21.51:514][  0]LogConfig: Setting CVar [[r.SSS.SampleSet:2]]
[2020.07.15-00.21.51:515][  0]LogConfig: Setting CVar [[r.SSS.Quality:1]]
[2020.07.15-00.21.51:515][  0]LogConfig: Setting CVar [[r.SSS.HalfRes:0]]
[2020.07.15-00.21.51:515][  0]LogConfig: Setting CVar [[r.SSGI.Quality:3]]
[2020.07.15-00.21.51:515][  0]LogConfig: Setting CVar [[r.EmitterSpawnRateScale:1.0]]
[2020.07.15-00.21.51:515][  0]LogConfig: Setting CVar [[r.ParticleLightQuality:2]]
[2020.07.15-00.21.51:515][  0]LogConfig: Setting CVar [[r.SkyAtmosphere.AerialPerspectiveLUT.FastApplyOnOpaque:1 ; Always have FastSkyLUT 1 in this case to avoid wrong sky]]
[2020.07.15-00.21.51:515][  0]LogConfig: Setting CVar [[r.SkyAtmosphere.AerialPerspectiveLUT.SampleCountPerSlice:1]]
[2020.07.15-00.21.51:515][  0]LogConfig: Setting CVar [[r.SkyAtmosphere.AerialPerspectiveLUT.DepthResolution:16.0]]
[2020.07.15-00.21.51:515][  0]LogConfig: Setting CVar [[r.SkyAtmosphere.FastSkyLUT:1]]
[2020.07.15-00.21.51:515][  0]LogConfig: Setting CVar [[r.SkyAtmosphere.FastSkyLUT.SampleCountMin:4.0]]
[2020.07.15-00.21.51:515][  0]LogConfig: Setting CVar [[r.SkyAtmosphere.FastSkyLUT.SampleCountMax:32.0]]
[2020.07.15-00.21.51:515][  0]LogConfig: Setting CVar [[r.SkyAtmosphere.SampleCountMin:4.0]]
[2020.07.15-00.21.51:515][  0]LogConfig: Setting CVar [[r.SkyAtmosphere.SampleCountMax:32.0]]
[2020.07.15-00.21.51:515][  0]LogConfig: Setting CVar [[r.SkyAtmosphere.TransmittanceLUT.UseSmallFormat:0]]
[2020.07.15-00.21.51:515][  0]LogConfig: Setting CVar [[r.SkyAtmosphere.TransmittanceLUT.SampleCount:10.0]]
[2020.07.15-00.21.51:515][  0]LogConfig: Setting CVar [[r.SkyAtmosphere.MultiScatteringLUT.SampleCount:15.0]]
[2020.07.15-00.21.51:515][  0]LogConfig: Applying CVar settings from Section [FoliageQuality@3] File [E:/Udemy/unreal/ToonTanks/Saved/Config/Windows/Scalability.ini]
[2020.07.15-00.21.51:515][  0]LogConfig: Setting CVar [[foliage.DensityScale:1.0]]
[2020.07.15-00.21.51:515][  0]LogConfig: Setting CVar [[grass.DensityScale:1.0]]
[2020.07.15-00.21.51:515][  0]LogConfig: Applying CVar settings from Section [ShadingQuality@3] File [E:/Udemy/unreal/ToonTanks/Saved/Config/Windows/Scalability.ini]
[2020.07.15-00.21.51:515][  0]LogConfig: Setting CVar [[r.HairStrands.SkyLighting.SampleCount:16]]
[2020.07.15-00.21.51:515][  0]LogConfig: Setting CVar [[r.HairStrands.SkyLighting.JitterIntegration:0]]
[2020.07.15-00.21.51:515][  0]LogConfig: Setting CVar [[r.HairStrands.SkyAO.SampleCount:16]]
[2020.07.15-00.21.51:515][  0]LogConfig: Setting CVar [[r.HairStrands.DeepShadow.SuperSampling:0]]
[2020.07.15-00.21.51:515][  0]LogConfig: Setting CVar [[r.HairStrands.VisibilityPPLL:0]]
[2020.07.15-00.21.51:515][  0]LogConfig: Setting CVar [[r.HairStrands.RasterizationScale:0.5]]
[2020.07.15-00.21.51:515][  0]LogConfig: Setting CVar [[r.HairStrands.VelocityRasterizationScale:1]]
[2020.07.15-00.21.51:515][  0]LogInit: Selected Device Profile: [Windows]
[2020.07.15-00.21.51:516][  0]LogInit: Applying CVar settings loaded from the selected device profile: [Windows]
[2020.07.15-00.21.51:517][  0]LogHAL: Display: Platform has ~ 32 GB [34280456192 / 34359738368 / 32], which maps to Largest [LargestMinGB=32, LargerMinGB=12, DefaultMinGB=8, SmallerMinGB=6, SmallestMinGB=0)
[2020.07.15-00.21.51:517][  0]LogInit: Going up to parent DeviceProfile []
[2020.07.15-00.21.51:517][  0]LogConfig: Applying CVar settings from Section [ViewDistanceQuality@3] File [E:/Udemy/unreal/ToonTanks/Saved/Config/Windows/Scalability.ini]
[2020.07.15-00.21.51:517][  0]LogConfig: Setting CVar [[r.SkeletalMeshLODBias:0]]
[2020.07.15-00.21.51:517][  0]LogConfig: Setting CVar [[r.ViewDistanceScale:1.0]]
[2020.07.15-00.21.51:517][  0]LogConfig: Applying CVar settings from Section [AntiAliasingQuality@3] File [E:/Udemy/unreal/ToonTanks/Saved/Config/Windows/Scalability.ini]
[2020.07.15-00.21.51:517][  0]LogConfig: Setting CVar [[r.PostProcessAAQuality:4]]
[2020.07.15-00.21.51:517][  0]LogConfig: Applying CVar settings from Section [ShadowQuality@3] File [E:/Udemy/unreal/ToonTanks/Saved/Config/Windows/Scalability.ini]
[2020.07.15-00.21.51:517][  0]LogConfig: Setting CVar [[r.LightFunctionQuality:1]]
[2020.07.15-00.21.51:517][  0]LogConfig: Setting CVar [[r.ShadowQuality:5]]
[2020.07.15-00.21.51:517][  0]LogConfig: Setting CVar [[r.Shadow.CSM.MaxCascades:10]]
[2020.07.15-00.21.51:517][  0]LogConfig: Setting CVar [[r.Shadow.MaxResolution:2048]]
[2020.07.15-00.21.51:517][  0]LogConfig: Setting CVar [[r.Shadow.MaxCSMResolution:2048]]
[2020.07.15-00.21.51:517][  0]LogConfig: Setting CVar [[r.Shadow.RadiusThreshold:0.01]]
[2020.07.15-00.21.51:517][  0]LogConfig: Setting CVar [[r.Shadow.DistanceScale:1.0]]
[2020.07.15-00.21.51:517][  0]LogConfig: Setting CVar [[r.Shadow.CSM.TransitionScale:1.0]]
[2020.07.15-00.21.51:517][  0]LogConfig: Setting CVar [[r.Shadow.PreShadowResolutionFactor:1.0]]
[2020.07.15-00.21.51:517][  0]LogConfig: Setting CVar [[r.DistanceFieldShadowing:1]]
[2020.07.15-00.21.51:517][  0]LogConfig: Setting CVar [[r.DistanceFieldAO:1]]
[2020.07.15-00.21.51:517][  0]LogConfig: Setting CVar [[r.AOQuality:2]]
[2020.07.15-00.21.51:517][  0]LogConfig: Setting CVar [[r.VolumetricFog:1]]
[2020.07.15-00.21.51:517][  0]LogConfig: Setting CVar [[r.VolumetricFog.GridPixelSize:8]]
[2020.07.15-00.21.51:517][  0]LogConfig: Setting CVar [[r.VolumetricFog.GridSizeZ:128]]
[2020.07.15-00.21.51:517][  0]LogConfig: Setting CVar [[r.VolumetricFog.HistoryMissSupersampleCount:4]]
[2020.07.15-00.21.51:517][  0]LogConfig: Setting CVar [[r.LightMaxDrawDistanceScale:1]]
[2020.07.15-00.21.51:517][  0]LogConfig: Setting CVar [[r.CapsuleShadows:1]]
[2020.07.15-00.21.51:517][  0]LogConfig: Applying CVar settings from Section [PostProcessQuality@3] File [E:/Udemy/unreal/ToonTanks/Saved/Config/Windows/Scalability.ini]
[2020.07.15-00.21.51:517][  0]LogConfig: Setting CVar [[r.MotionBlurQuality:4]]
[2020.07.15-00.21.51:517][  0]LogConfig: Setting CVar [[r.AmbientOcclusionMipLevelFactor:0.4]]
[2020.07.15-00.21.51:517][  0]LogConfig: Setting CVar [[r.AmbientOcclusionMaxQuality:100]]
[2020.07.15-00.21.51:518][  0]LogConfig: Setting CVar [[r.AmbientOcclusionLevels:-1]]
[2020.07.15-00.21.51:518][  0]LogConfig: Setting CVar [[r.AmbientOcclusionRadiusScale:1.0]]
[2020.07.15-00.21.51:518][  0]LogConfig: Setting CVar [[r.DepthOfFieldQuality:2]]
[2020.07.15-00.21.51:518][  0]LogConfig: Setting CVar [[r.RenderTargetPoolMin:400]]
[2020.07.15-00.21.51:518][  0]LogConfig: Setting CVar [[r.LensFlareQuality:2]]
[2020.07.15-00.21.51:518][  0]LogConfig: Setting CVar [[r.SceneColorFringeQuality:1]]
[2020.07.15-00.21.51:518][  0]LogConfig: Setting CVar [[r.EyeAdaptationQuality:2]]
[2020.07.15-00.21.51:518][  0]LogConfig: Setting CVar [[r.BloomQuality:5]]
[2020.07.15-00.21.51:518][  0]LogConfig: Setting CVar [[r.FastBlurThreshold:100]]
[2020.07.15-00.21.51:518][  0]LogConfig: Setting CVar [[r.Upscale.Quality:3]]
[2020.07.15-00.21.51:518][  0]LogConfig: Setting CVar [[r.Tonemapper.GrainQuantization:1]]
[2020.07.15-00.21.51:518][  0]LogConfig: Setting CVar [[r.LightShaftQuality:1]]
[2020.07.15-00.21.51:518][  0]LogConfig: Setting CVar [[r.Filter.SizeScale:1]]
[2020.07.15-00.21.51:518][  0]LogConfig: Setting CVar [[r.Tonemapper.Quality:5]]
[2020.07.15-00.21.51:518][  0]LogConfig: Setting CVar [[r.DOF.Gather.AccumulatorQuality:1        ; higher gathering accumulator quality]]
[2020.07.15-00.21.51:518][  0]LogConfig: Setting CVar [[r.DOF.Gather.PostfilterMethod:1          ; Median3x3 postfilering method]]
[2020.07.15-00.21.51:518][  0]LogConfig: Setting CVar [[r.DOF.Gather.EnableBokehSettings:0       ; no bokeh simulation when gathering]]
[2020.07.15-00.21.51:518][  0]LogConfig: Setting CVar [[r.DOF.Gather.RingCount:4                 ; medium number of samples when gathering]]
[2020.07.15-00.21.51:518][  0]LogConfig: Setting CVar [[r.DOF.Scatter.ForegroundCompositing:1    ; additive foreground scattering]]
[2020.07.15-00.21.51:518][  0]LogConfig: Setting CVar [[r.DOF.Scatter.BackgroundCompositing:2    ; additive background scattering]]
[2020.07.15-00.21.51:518][  0]LogConfig: Setting CVar [[r.DOF.Scatter.EnableBokehSettings:1      ; bokeh simulation when scattering]]
[2020.07.15-00.21.51:518][  0]LogConfig: Setting CVar [[r.DOF.Scatter.MaxSpriteRatio:0.1         ; only a maximum of 10% of scattered bokeh]]
[2020.07.15-00.21.51:518][  0]LogConfig: Setting CVar [[r.DOF.Recombine.Quality:1                ; cheap slight out of focus]]
[2020.07.15-00.21.51:518][  0]LogConfig: Setting CVar [[r.DOF.Recombine.EnableBokehSettings:0    ; no bokeh simulation on slight out of focus]]
[2020.07.15-00.21.51:518][  0]LogConfig: Setting CVar [[r.DOF.TemporalAAQuality:1                ; more stable temporal accumulation]]
[2020.07.15-00.21.51:518][  0]LogConfig: Setting CVar [[r.DOF.Kernel.MaxForegroundRadius:0.025]]
[2020.07.15-00.21.51:518][  0]LogConfig: Setting CVar [[r.DOF.Kernel.MaxBackgroundRadius:0.025]]
[2020.07.15-00.21.51:518][  0]LogConfig: Applying CVar settings from Section [TextureQuality@3] File [E:/Udemy/unreal/ToonTanks/Saved/Config/Windows/Scalability.ini]
[2020.07.15-00.21.51:518][  0]LogConfig: Setting CVar [[r.Streaming.MipBias:0]]
[2020.07.15-00.21.51:518][  0]LogConfig: Setting CVar [[r.Streaming.AmortizeCPUToGPUCopy:0]]
[2020.07.15-00.21.51:518][  0]LogConfig: Setting CVar [[r.Streaming.MaxNumTexturesToStreamPerFrame:0]]
[2020.07.15-00.21.51:518][  0]LogConfig: Setting CVar [[r.Streaming.Boost:1]]
[2020.07.15-00.21.51:518][  0]LogConfig: Setting CVar [[r.MaxAnisotropy:8]]
[2020.07.15-00.21.51:518][  0]LogConfig: Setting CVar [[r.VT.MaxAnisotropy:8]]
[2020.07.15-00.21.51:518][  0]LogConfig: Setting CVar [[r.Streaming.LimitPoolSizeToVRAM:0]]
[2020.07.15-00.21.51:518][  0]LogConfig: Setting CVar [[r.Streaming.PoolSize:1000]]
[2020.07.15-00.21.51:518][  0]LogConfig: Setting CVar [[r.Streaming.MaxEffectiveScreenSize:0]]
[2020.07.15-00.21.51:518][  0]LogConfig: Applying CVar settings from Section [EffectsQuality@3] File [E:/Udemy/unreal/ToonTanks/Saved/Config/Windows/Scalability.ini]
[2020.07.15-00.21.51:518][  0]LogConfig: Setting CVar [[r.TranslucencyLightingVolumeDim:64]]
[2020.07.15-00.21.51:518][  0]LogConfig: Setting CVar [[r.RefractionQuality:2]]
[2020.07.15-00.21.51:518][  0]LogConfig: Setting CVar [[r.SSR.Quality:3]]
[2020.07.15-00.21.51:518][  0]LogConfig: Setting CVar [[r.SSR.HalfResSceneColor:0]]
[2020.07.15-00.21.51:518][  0]LogConfig: Setting CVar [[r.SceneColorFormat:4]]
[2020.07.15-00.21.51:518][  0]LogConfig: Setting CVar [[r.DetailMode:2]]
[2020.07.15-00.21.51:518][  0]LogConfig: Setting CVar [[r.TranslucencyVolumeBlur:1]]
[2020.07.15-00.21.51:518][  0]LogConfig: Setting CVar [[r.MaterialQualityLevel:1 ; High quality]]
[2020.07.15-00.21.51:518][  0]LogConfig: Setting CVar [[r.SSS.Scale:1]]
[2020.07.15-00.21.51:518][  0]LogConfig: Setting CVar [[r.SSS.SampleSet:2]]
[2020.07.15-00.21.51:518][  0]LogConfig: Setting CVar [[r.SSS.Quality:1]]
[2020.07.15-00.21.51:518][  0]LogConfig: Setting CVar [[r.SSS.HalfRes:0]]
[2020.07.15-00.21.51:518][  0]LogConfig: Setting CVar [[r.SSGI.Quality:3]]
[2020.07.15-00.21.51:518][  0]LogConfig: Setting CVar [[r.EmitterSpawnRateScale:1.0]]
[2020.07.15-00.21.51:518][  0]LogConfig: Setting CVar [[r.ParticleLightQuality:2]]
[2020.07.15-00.21.51:518][  0]LogConfig: Setting CVar [[r.SkyAtmosphere.AerialPerspectiveLUT.FastApplyOnOpaque:1 ; Always have FastSkyLUT 1 in this case to avoid wrong sky]]
[2020.07.15-00.21.51:518][  0]LogConfig: Setting CVar [[r.SkyAtmosphere.AerialPerspectiveLUT.SampleCountPerSlice:1]]
[2020.07.15-00.21.51:518][  0]LogConfig: Setting CVar [[r.SkyAtmosphere.AerialPerspectiveLUT.DepthResolution:16.0]]
[2020.07.15-00.21.51:518][  0]LogConfig: Setting CVar [[r.SkyAtmosphere.FastSkyLUT:1]]
[2020.07.15-00.21.51:518][  0]LogConfig: Setting CVar [[r.SkyAtmosphere.FastSkyLUT.SampleCountMin:4.0]]
[2020.07.15-00.21.51:518][  0]LogConfig: Setting CVar [[r.SkyAtmosphere.FastSkyLUT.SampleCountMax:32.0]]
[2020.07.15-00.21.51:518][  0]LogConfig: Setting CVar [[r.SkyAtmosphere.SampleCountMin:4.0]]
[2020.07.15-00.21.51:518][  0]LogConfig: Setting CVar [[r.SkyAtmosphere.SampleCountMax:32.0]]
[2020.07.15-00.21.51:518][  0]LogConfig: Setting CVar [[r.SkyAtmosphere.TransmittanceLUT.UseSmallFormat:0]]
[2020.07.15-00.21.51:518][  0]LogConfig: Setting CVar [[r.SkyAtmosphere.TransmittanceLUT.SampleCount:10.0]]
[2020.07.15-00.21.51:518][  0]LogConfig: Setting CVar [[r.SkyAtmosphere.MultiScatteringLUT.SampleCount:15.0]]
[2020.07.15-00.21.51:518][  0]LogConfig: Applying CVar settings from Section [FoliageQuality@3] File [E:/Udemy/unreal/ToonTanks/Saved/Config/Windows/Scalability.ini]
[2020.07.15-00.21.51:518][  0]LogConfig: Setting CVar [[foliage.DensityScale:1.0]]
[2020.07.15-00.21.51:518][  0]LogConfig: Setting CVar [[grass.DensityScale:1.0]]
[2020.07.15-00.21.51:518][  0]LogConfig: Applying CVar settings from Section [ShadingQuality@3] File [E:/Udemy/unreal/ToonTanks/Saved/Config/Windows/Scalability.ini]
[2020.07.15-00.21.51:518][  0]LogConfig: Setting CVar [[r.HairStrands.SkyLighting.SampleCount:16]]
[2020.07.15-00.21.51:518][  0]LogConfig: Setting CVar [[r.HairStrands.SkyLighting.JitterIntegration:0]]
[2020.07.15-00.21.51:518][  0]LogConfig: Setting CVar [[r.HairStrands.SkyAO.SampleCount:16]]
[2020.07.15-00.21.51:518][  0]LogConfig: Setting CVar [[r.HairStrands.DeepShadow.SuperSampling:0]]
[2020.07.15-00.21.51:518][  0]LogConfig: Setting CVar [[r.HairStrands.VisibilityPPLL:0]]
[2020.07.15-00.21.51:519][  0]LogConfig: Setting CVar [[r.HairStrands.RasterizationScale:0.5]]
[2020.07.15-00.21.51:519][  0]LogConfig: Setting CVar [[r.HairStrands.VelocityRasterizationScale:1]]
[2020.07.15-00.21.51:519][  0]LogConfig: Applying CVar settings from Section [Startup] File [../../../Engine/Config/ConsoleVariables.ini]
[2020.07.15-00.21.51:519][  0]LogConfig: Setting CVar [[net.UseAdaptiveNetUpdateFrequency:0]]
[2020.07.15-00.21.51:519][  0]LogConfig: Setting CVar [[p.chaos.AllowCreatePhysxBodies:1]]
[2020.07.15-00.21.51:519][  0]LogConfig: Setting CVar [[fx.SkipVectorVMBackendOptimizations:1]]
[2020.07.15-00.21.51:519][  0]LogConfig: Applying CVar settings from Section [ConsoleVariables] File [E:/Udemy/unreal/ToonTanks/Saved/Config/Windows/Engine.ini]
[2020.07.15-00.21.51:520][  0]LogInit: Computer: THEMADMACHINE
[2020.07.15-00.21.51:520][  0]LogInit: User: ZZ
[2020.07.15-00.21.51:520][  0]LogInit: CPU Page size=4096, Cores=6
[2020.07.15-00.21.51:520][  0]LogInit: High frequency timer resolution =3.609381 MHz
[2020.07.15-00.21.51:520][  0]LogMemory: Memory total: Physical=31.9GB (32GB approx)
[2020.07.15-00.21.51:520][  0]LogMemory: Platform Memory Stats for Windows
[2020.07.15-00.21.51:520][  0]LogMemory: Process Physical Memory: 114.80 MB used, 114.80 MB peak
[2020.07.15-00.21.51:520][  0]LogMemory: Process Virtual Memory: 97.35 MB used, 97.35 MB peak
[2020.07.15-00.21.51:520][  0]LogMemory: Physical Memory: 8852.43 MB used,  23839.96 MB free, 32692.39 MB total
[2020.07.15-00.21.51:520][  0]LogMemory: Virtual Memory: 5190.41 MB used,  134212536.00 MB free, 134217728.00 MB total
[2020.07.15-00.21.51:528][  0]LogWindows: WindowsPlatformFeatures enabled
[2020.07.15-00.21.52:360][  0]LogInit: Physics initialised using underlying interface: PhysX
[2020.07.15-00.21.52:362][  0]LogInit: Overriding language with editor language configuration option (en).
[2020.07.15-00.21.52:362][  0]LogInit: Overriding locale with editor locale configuration option (en).
[2020.07.15-00.21.52:742][  0]LogInit: Setting process to per monitor DPI aware
[2020.07.15-00.21.52:954][  0]LogSlate: New Slate User Created.  User Index 0, Is Virtual User: 0
[2020.07.15-00.21.52:954][  0]LogSlate: Slate User Registered.  User Index 0, Is Virtual User: 0
[2020.07.15-00.21.53:383][  0]LogHMD: Failed to initialize OpenVR with code 110
[2020.07.15-00.21.53:383][  0]LogD3D11RHI: D3D11 min allowed feature level: 11_0
[2020.07.15-00.21.53:383][  0]LogD3D11RHI: D3D11 max allowed feature level: 11_0
[2020.07.15-00.21.53:383][  0]LogD3D11RHI: D3D11 adapters:
[2020.07.15-00.21.53:465][  0]LogD3D11RHI:    0. 'NVIDIA GeForce GTX 1080 Ti' (Feature Level 11_0)
[2020.07.15-00.21.53:465][  0]LogD3D11RHI:       11127/0/16346 MB DedicatedVideo/DedicatedSystem/SharedSystem, Outputs:1, VendorId:0x10de
[2020.07.15-00.21.53:468][  0]LogD3D11RHI:    1. 'Microsoft Basic Render Driver' (Feature Level 11_0)
[2020.07.15-00.21.53:468][  0]LogD3D11RHI:       0/0/16346 MB DedicatedVideo/DedicatedSystem/SharedSystem, Outputs:0, VendorId:0x1414
[2020.07.15-00.21.53:468][  0]LogD3D11RHI: Chosen D3D11 Adapter: 0
[2020.07.15-00.21.53:476][  0]LogD3D11RHI: Creating new Direct3DDevice
[2020.07.15-00.21.53:476][  0]LogD3D11RHI:     GPU DeviceId: 0x1b06 (for the marketing name, search the web for "GPU Device Id")
[2020.07.15-00.21.53:476][  0]LogWindows: EnumDisplayDevices:
[2020.07.15-00.21.53:477][  0]LogWindows:    0. 'NVIDIA GeForce GTX 1080 Ti' (P:1 D:1)
[2020.07.15-00.21.53:477][  0]LogWindows:    1. 'NVIDIA GeForce GTX 1080 Ti' (P:0 D:0)
[2020.07.15-00.21.53:478][  0]LogWindows:    2. 'NVIDIA GeForce GTX 1080 Ti' (P:0 D:0)
[2020.07.15-00.21.53:479][  0]LogWindows:    3. 'NVIDIA GeForce GTX 1080 Ti' (P:0 D:0)
[2020.07.15-00.21.53:479][  0]LogWindows: DebugString: FoundDriverCount:4 
[2020.07.15-00.21.53:479][  0]LogD3D11RHI:     Adapter Name: NVIDIA GeForce GTX 1080 Ti
[2020.07.15-00.21.53:479][  0]LogD3D11RHI:   Driver Version: 446.14 (internal:26.21.14.4614, unified:446.14)
[2020.07.15-00.21.53:479][  0]LogD3D11RHI:      Driver Date: 5-15-2020
[2020.07.15-00.21.53:480][  0]LogRHI: Texture pool is 7788 MB (70% of 11127 MB)
[2020.07.15-00.21.53:527][  0]LogD3D11RHI: RHI has support for 64 bit atomics
[2020.07.15-00.21.53:550][  0]LogD3D11RHI: [Aftermath] Enabled and primed
[2020.07.15-00.21.53:551][  0]LogD3D11RHI: Async texture creation enabled
[2020.07.15-00.21.53:551][  0]LogD3D11RHI: Array index from any shader is supported
[2020.07.15-00.21.53:633][  0]LogD3D11RHI: GPU Timing Frequency: 1000.000000 (Debug: 2 1)
[2020.07.15-00.21.54:230][  0]LogTargetPlatformManager: Display: Loaded TargetPlatform 'AllDesktop'
[2020.07.15-00.21.54:264][  0]LogTargetPlatformManager: Display: Loaded TargetPlatform 'Android'
[2020.07.15-00.21.54:264][  0]LogTargetPlatformManager: Display: Loaded TargetPlatform 'Android_ASTC'
[2020.07.15-00.21.54:264][  0]LogTargetPlatformManager: Display: Loaded TargetPlatform 'Android_DXT'
[2020.07.15-00.21.54:264][  0]LogTargetPlatformManager: Display: Loaded TargetPlatform 'Android_ETC2'
[2020.07.15-00.21.54:264][  0]LogTargetPlatformManager: Display: Loaded TargetPlatform 'AndroidClient'
[2020.07.15-00.21.54:264][  0]LogTargetPlatformManager: Display: Loaded TargetPlatform 'Android_ASTCClient'
[2020.07.15-00.21.54:264][  0]LogTargetPlatformManager: Display: Loaded TargetPlatform 'Android_DXTClient'
[2020.07.15-00.21.54:264][  0]LogTargetPlatformManager: Display: Loaded TargetPlatform 'Android_ETC2Client'
[2020.07.15-00.21.54:264][  0]LogTargetPlatformManager: Display: Loaded TargetPlatform 'Android_Multi'
[2020.07.15-00.21.54:264][  0]LogTargetPlatformManager: Display: Loaded TargetPlatform 'Android_MultiClient'
[2020.07.15-00.21.54:330][  0]LogTargetPlatformManager: Display: Loaded TargetPlatform 'IOSClient'
[2020.07.15-00.21.54:330][  0]LogTargetPlatformManager: Display: Loaded TargetPlatform 'IOS'
[2020.07.15-00.21.54:393][  0]LogTargetPlatformManager: Display: Loaded TargetPlatform 'Linux'
[2020.07.15-00.21.54:424][  0]LogTargetPlatformManager: Display: Loaded TargetPlatform 'LinuxNoEditor'
[2020.07.15-00.21.54:439][  0]LogTargetPlatformManager: Display: Loaded TargetPlatform 'LinuxClient'
[2020.07.15-00.21.54:453][  0]LogTargetPlatformManager: Display: Loaded TargetPlatform 'LinuxServer'
[2020.07.15-00.21.54:473][  0]LogTargetPlatformManager: Display: Loaded TargetPlatform 'LinuxAArch64NoEditor'
[2020.07.15-00.21.54:498][  0]LogTargetPlatformManager: Display: Loaded TargetPlatform 'LinuxAArch64Client'
[2020.07.15-00.21.54:513][  0]LogTargetPlatformManager: Display: Loaded TargetPlatform 'LinuxAArch64Server'
[2020.07.15-00.21.54:551][  0]LogTargetPlatformManager: Display: Loaded TargetPlatform 'Lumin'
[2020.07.15-00.21.54:551][  0]LogTargetPlatformManager: Display: Loaded TargetPlatform 'LuminClient'
[2020.07.15-00.21.54:578][  0]LogTargetPlatformManager: Display: Loaded TargetPlatform 'TVOSClient'
[2020.07.15-00.21.54:578][  0]LogTargetPlatformManager: Display: Loaded TargetPlatform 'TVOS'
[2020.07.15-00.21.54:626][  0]LogTargetPlatformManager: Display: Loaded TargetPlatform 'WindowsNoEditor'
[2020.07.15-00.21.54:643][  0]LogTargetPlatformManager: Display: Loaded TargetPlatform 'Windows'
[2020.07.15-00.21.54:657][  0]LogTargetPlatformManager: Display: Loaded TargetPlatform 'WindowsClient'
[2020.07.15-00.21.54:671][  0]LogTargetPlatformManager: Display: Loaded TargetPlatform 'WindowsServer'
[2020.07.15-00.21.54:671][  0]LogTargetPlatformManager: Display: Building Assets For Windows
[2020.07.15-00.21.54:742][  0]LogAudioDebug: Display: Lib vorbis DLL was dynamically loaded.
[2020.07.15-00.21.55:283][  0]LogShaderCompilers: Guid format shader working directory is 18 characters bigger than the processId version (E:/Udemy/unreal/ToonTanks/Intermediate/Shaders/WorkingDirectory/4176/).
[2020.07.15-00.21.55:283][  0]LogShaderCompilers: Cleaned the shader compiler working directory 'C:/Users/ZZ/AppData/Local/Temp/UnrealShaderWorkingDir/4506EAD44CD419325CB903ADFD8F9661/'.
[2020.07.15-00.21.55:284][  0]LogXGEController: Cleaning working directory: C:/Users/ZZ/AppData/Local/Temp/UnrealXGEWorkingDir/
[2020.07.15-00.21.55:284][  0]LogXGEController: Cannot use XGE Controller as Incredibuild is not installed on this machine.
[2020.07.15-00.21.55:284][  0]LogShaderCompilers: Cannot use XGE Shader Compiler as Incredibuild is not installed on this machine.
[2020.07.15-00.21.55:284][  0]LogShaderCompilers: Display: Using Local Shader Compiler.
[2020.07.15-00.21.56:100][  0]LogDerivedDataCache: Display: Max Cache Size: 512 MB
[2020.07.15-00.21.56:100][  0]LogDerivedDataCache: Display: Starting with empty Boot cache
[2020.07.15-00.21.56:100][  0]LogDerivedDataCache: FDerivedDataBackendGraph:  Pak pak cache file E:/Udemy/unreal/ToonTanks/DerivedDataCache/DDC.ddp not found, will not use a pak cache.
[2020.07.15-00.21.56:100][  0]LogDerivedDataCache: Unable to find inner node Pak for hierarchical cache Hierarchy.
[2020.07.15-00.21.56:100][  0]LogDerivedDataCache: FDerivedDataBackendGraph:  CompressedPak pak cache file E:/Udemy/unreal/ToonTanks/DerivedDataCache/Compressed.ddp not found, will not use a pak cache.
[2020.07.15-00.21.56:100][  0]LogDerivedDataCache: Unable to find inner node CompressedPak for hierarchical cache Hierarchy.
[2020.07.15-00.21.56:122][  0]LogDerivedDataCache: Display: Pak cache opened for reading ../../../Engine/DerivedDataCache/Compressed.ddp.
[2020.07.15-00.21.56:122][  0]LogDerivedDataCache: FDerivedDataBackendGraph:  EnterprisePak pak cache file ../../../Enterprise/DerivedDataCache/Compressed.ddp not found, will not use a pak cache.
[2020.07.15-00.21.56:122][  0]LogDerivedDataCache: Unable to find inner node EnterprisePak for hierarchical cache Hierarchy.
[2020.07.15-00.21.56:128][  0]LogDerivedDataCache: Using Local data cache path C:/Users/ZZ/AppData/Local/UnrealEngine/Common/DerivedDataCache: Writable
[2020.07.15-00.21.56:128][  0]LogDerivedDataCache: Shared data cache path not found in *engine.ini, will not use an Shared cache.
[2020.07.15-00.21.56:128][  0]LogDerivedDataCache: Unable to find inner node Shared for hierarchical cache Hierarchy.
[2020.07.15-00.21.56:294][  0]LogSlate: Using FreeType 2.10.0
[2020.07.15-00.21.56:338][  0]LogSlate: SlateFontServices - WITH_FREETYPE: 1, WITH_HARFBUZZ: 1
[2020.07.15-00.21.56:496][  0]LogAssetRegistry: FAssetRegistry took 0.0116 seconds to start up
[2020.07.15-00.21.57:773][  0]LogInit: Selected Device Profile: [Windows]
[2020.07.15-00.21.59:573][  0]LogMeshReduction: Using QuadricMeshReduction for automatic static mesh reduction
[2020.07.15-00.21.59:573][  0]LogMeshReduction: Using SimplygonMeshReduction for automatic skeletal mesh reduction
[2020.07.15-00.21.59:573][  0]LogMeshReduction: Using ProxyLODMeshReduction for automatic mesh merging
[2020.07.15-00.21.59:573][  0]LogMeshReduction: No distributed automatic mesh merging module available
[2020.07.15-00.21.59:574][  0]LogMeshMerging: No distributed automatic mesh merging module available
[2020.07.15-00.21.59:962][  0]LogNetVersion: ToonTanks 1.0.0, NetCL: 13144385, EngineNetVer: 14, GameNetVer: 0 (Checksum: 281104731)
[2020.07.15-00.22.10:269][  0]LogAISub: UAISubsystem::UAISubsystem AISubsystem (0000019409675B80), frame # 0
[2020.07.15-00.22.10:269][  0]LogAISub: UAISubsystem::UAISubsystem AIPerceptionSystem (000001940941D440), frame # 0
[2020.07.15-00.22.10:362][  0]LogAISub: UAISubsystem::UAISubsystem EnvQueryManager (0000019409707000), frame # 0
[2020.07.15-00.22.10:912][  0]LogPackageLocalizationCache: Processed 19 localized package path(s) for 1 prioritized culture(s) in 0.140231 seconds
[2020.07.15-00.22.10:953][  0]LogUObjectArray: 15913 objects as part of root set at end of initial load.
[2020.07.15-00.22.10:955][  0]LogUObjectAllocator: 3964304 out of 0 bytes used by permanent object pool.
[2020.07.15-00.22.10:955][  0]LogUObjectArray: CloseDisregardForGC: 0/0 objects in disregard for GC pool
[2020.07.15-00.22.16:225][  0]LogTcpMessaging: Initializing TcpMessaging bridge
[2020.07.15-00.22.16:230][  0]LogUdpMessaging: Initializing bridge on interface 0.0.0.0:0 to multicast group 230.0.0.1:6666.
[2020.07.15-00.22.17:086][  0]SourceControl: Source control is disabled
[2020.07.15-00.22.17:087][  0]SourceControl: Source control is disabled
[2020.07.15-00.22.17:091][  0]SourceControl: Source control is disabled
[2020.07.15-00.22.17:095][  0]SourceControl: Source control is disabled
[2020.07.15-00.22.17:105][  0]SourceControl: Source control is disabled
[2020.07.15-00.22.17:769][  0]LogAndroidPermission: UAndroidPermissionCallbackProxy::GetInstance
[2020.07.15-00.22.17:800][  0]LogAudioCaptureCore: Display: No Audio Capture implementations found. Audio input will be silent.
[2020.07.15-00.22.17:800][  0]LogAudioCaptureCore: Display: No Audio Capture implementations found. Audio input will be silent.
[2020.07.15-00.22.17:888][  0]LogOcInput: OculusInput pre-init called
[2020.07.15-00.22.17:911][  0]LogWindows: Failed to load 'OVRPlugin.dll' (GetLastError=126)
[2020.07.15-00.22.17:911][  0]LogWindows: File 'OVRPlugin.dll' does not exist
[2020.07.15-00.22.18:813][  0]LogEngine: Initializing Engine...
[2020.07.15-00.22.18:819][  0]LogHMD: Failed to initialize OpenVR with code 110
[2020.07.15-00.22.18:819][  0]LogMagicLeap: Warning: VR disabled because ZI is not enabled.  To enable, in the editor, Edit -> Project Settings -> Plugins -> Magic Leap Plugin -> Enable Zero Iteration
[2020.07.15-00.22.18:838][  0]LogStats: UGameplayTagsManager::InitializeManager -  0.001 s
[2020.07.15-00.22.19:364][  0]LogInit: Initializing FReadOnlyCVARCache
[2020.07.15-00.22.19:673][  0]LogAIModule: Creating AISystem for world Untitled
[2020.07.15-00.22.19:673][  0]LogAISub: UAISubsystem::UAISubsystem EnvQueryManager (0000019410FC1C00), frame # 0
[2020.07.15-00.22.19:674][  0]LogAISub: UAISubsystem::UAISubsystem AIPerceptionSystem (0000019410FCEFC0), frame # 0
[2020.07.15-00.22.19:774][  0]LogAudioMixer: Display: Audio Mixer Platform Settings:
[2020.07.15-00.22.19:774][  0]LogAudioMixer: Display: 	Sample Rate:						  48000
[2020.07.15-00.22.19:774][  0]LogAudioMixer: Display: 	Callback Buffer Frame Size Requested: 1024
[2020.07.15-00.22.19:774][  0]LogAudioMixer: Display: 	Callback Buffer Frame Size To Use:	  1024
[2020.07.15-00.22.19:774][  0]LogAudioMixer: Display: 	Number of buffers to queue:			  2
[2020.07.15-00.22.19:774][  0]LogAudioMixer: Display: 	Max Channels (voices):				  32
[2020.07.15-00.22.19:774][  0]LogAudioMixer: Display: 	Number of Async Source Workers:		  0
[2020.07.15-00.22.19:774][  0]LogAudio: Display: AudioDevice MaxSources: 32
[2020.07.15-00.22.19:777][  0]LogAudio: Display: Using built-in audio occlusion.
[2020.07.15-00.22.19:778][  0]LogAudioMixer: Display: Initializing audio mixer.
[2020.07.15-00.22.19:835][  0]LogAudioMixer: Display: 0: FrontLeft
[2020.07.15-00.22.19:835][  0]LogAudioMixer: Display: 1: FrontRight
[2020.07.15-00.22.19:903][  0]LogAudioMixer: Display: Using Audio Device LG Ultra HD (NVIDIA High Definition Audio)
[2020.07.15-00.22.19:905][  0]LogAudioMixer: Display: Initializing Sound Submixes...
[2020.07.15-00.22.19:907][  0]LogAudioMixer: Display: Creating Master Submix 'MasterSubmixDefault'
[2020.07.15-00.22.19:907][  0]LogAudioMixer: Display: Creating Master Submix 'MasterReverbSubmixDefault'
[2020.07.15-00.22.19:908][  0]LogAudioMixer: Display: Creating Master Submix 'MasterEQSubmixDefault'
[2020.07.15-00.22.19:909][  0]LogInit: FAudioDevice initialized.
[2020.07.15-00.22.19:910][  0]LogNetVersion: Set ProjectVersion to 1.0.0.0. Version Checksum will be recalculated on next use.
[2020.07.15-00.22.19:975][  0]LogDerivedDataCache: Saved boot cache 0.06s 76MB C:/Users/ZZ/AppData/Local/UnrealEngine/4.25/DerivedDataCache/Boot.ddc.
[2020.07.15-00.22.19:977][  0]LogInit: Texture streaming: Enabled
[2020.07.15-00.22.20:061][  0]LogEngineSessionManager: EngineSessionManager initialized
[2020.07.15-00.22.20:061][  0]LogEditorSessionSummary: Verbose: Initializing EditorSessionSummaryWriter for editor session tracking
[2020.07.15-00.22.20:078][  0]LogEditorSessionSummary: EditorSessionSummaryWriter initialized
[2020.07.15-00.22.20:185][  0]LogInit: Transaction tracking system initialized
[2020.07.15-00.22.20:400][  0]BlueprintLog: New page: Editor Load
[2020.07.15-00.22.21:192][  0]LocalizationService: Localization service is disabled
[2020.07.15-00.22.22:206][  0]LogFileCache: Scanning file cache for directory 'E:/Udemy/unreal/ToonTanks/Content/' took 0.01s
[2020.07.15-00.22.22:206][  0]LogCook: Display: Max memory allowance for cook 16384mb min free memory 0mb
[2020.07.15-00.22.22:215][  0]LogCook: Display: Mobile HDR setting 1
[2020.07.15-00.22.23:309][  0]SourceControl: Source control is disabled
[2020.07.15-00.22.23:310][  0]LogUnrealEdMisc: Loading editor; pre map load, took 42.980
[2020.07.15-00.22.23:312][  0]Cmd: MAP LOAD FILE="E:/Udemy/unreal/ToonTanks/Content/Maps/Main.umap" TEMPLATE=0 SHOWPROGRESS=1 FEATURELEVEL=3
[2020.07.15-00.22.23:313][  0]LightingResults: New page: Lighting Build
[2020.07.15-00.22.23:367][  0]LogWorld: UWorld::CleanupWorld for Untitled, bSessionEnded=true, bCleanupResources=true
[2020.07.15-00.22.23:379][  0]LogSlate: InvalidateAllWidgets triggered.  All widgets were invalidated
[2020.07.15-00.22.23:388][  0]MapCheck: New page: Map Check
[2020.07.15-00.22.23:388][  0]LightingResults: New page: Lighting Build
[2020.07.15-00.22.23:661][  0]LogAISub: UAISubsystem::~UAISubsystem EnvQueryManager (0000019410FC1C00), frame # 0
[2020.07.15-00.22.23:661][  0]LogAISub: UAISubsystem::~UAISubsystem AIPerceptionSystem (0000019410FCEFC0), frame # 0
[2020.07.15-00.22.23:663][  0]LogUObjectHash: Compacting FUObjectHashTables data took   0.65ms
[2020.07.15-00.22.24:067][  0]LogTexture: Display: Building textures: SkyOcclusion0_2 (AutoDXT, 64X32)
[2020.07.15-00.22.24:067][  0]LogTexture: Display: Building textures: LQ_Lightmap_0_2 (DXT1, 64X64)
[2020.07.15-00.22.24:067][  0]LogTexture: Display: Building textures: SkyOcclusion0_1 (AutoDXT, 512X256)
[2020.07.15-00.22.24:067][  0]LogTexture: Display: Building textures: HQ_Lightmap0_1 (AutoDXT, 512X512)
[2020.07.15-00.22.24:067][  0]LogTexture: Display: Building textures: LQ_Lightmap_0_1 (DXT1, 512X512)
[2020.07.15-00.22.24:067][  0]LogTexture: Display: Building textures: ShadowMapTexture2D_1 (G8, 32X32)
[2020.07.15-00.22.24:067][  0]LogTexture: Display: Building textures: HQ_Lightmap0_2 (AutoDXT, 64X64)
[2020.07.15-00.22.24:067][  0]LogTexture: Display: Building textures: T_BasicGrid_M (BGRA8, 512X512)
[2020.07.15-00.22.24:067][  0]LogTexture: Display: Building textures: ShadowMapTexture2D_0 (G8, 512X128)
[2020.07.15-00.22.24:067][  0]LogTexture: Display: Building textures: T_BasicGrid_N (BC5, 1024X1024)
[2020.07.15-00.22.24:067][  0]LogMaterial: Display: Missing cached shader map for material M_GridBase, compiling. 
[2020.07.15-00.22.24:188][  0]LogShaderCompilers: Display: Worker (1/9): shaders left to compile 47
[2020.07.15-00.22.24:188][  0]LogShaderCompilers: Display: Worker (2/9): shaders left to compile 41
[2020.07.15-00.22.24:188][  0]LogShaderCompilers: Display: Worker (3/9): shaders left to compile 35
[2020.07.15-00.22.24:188][  0]LogShaderCompilers: Display: Worker (4/9): shaders left to compile 29
[2020.07.15-00.22.24:188][  0]LogShaderCompilers: Display: Worker (5/9): shaders left to compile 23
[2020.07.15-00.22.24:188][  0]LogShaderCompilers: Display: Worker (6/9): shaders left to compile 17
[2020.07.15-00.22.24:188][  0]LogShaderCompilers: Display: Worker (7/9): shaders left to compile 11
[2020.07.15-00.22.24:188][  0]LogShaderCompilers: Display: Worker (8/9): shaders left to compile 5
[2020.07.15-00.22.24:188][  0]LogMaterial: Display: Missing cached shader map for material M_GridBase, compiling. 
[2020.07.15-00.22.24:343][  0]LogAIModule: Creating AISystem for world Main
[2020.07.15-00.22.24:343][  0]LogAISub: UAISubsystem::UAISubsystem EnvQueryManager (0000019416D97E00), frame # 0
[2020.07.15-00.22.24:343][  0]LogAISub: UAISubsystem::UAISubsystem AIPerceptionSystem (0000019410B39080), frame # 0
[2020.07.15-00.22.24:515][  0]LogEditorServer: Finished looking for orphan Actors (0.000 secs)
[2020.07.15-00.22.24:692][  0]LogShaderCompilers: Display: Worker (9/9): shaders left to compile 47
[2020.07.15-00.22.24:694][  0]LogUObjectHash: Compacting FUObjectHashTables data took   0.68ms
[2020.07.15-00.22.24:700][  0]Cmd: MAP CHECKDEP NOCLEARLOG
[2020.07.15-00.22.24:700][  0]MapCheck: Map check complete: 0 Error(s), 0 Warning(s), took 0.28ms to complete.
[2020.07.15-00.22.24:700][  0]LogFileHelpers: Loading map 'Main' took 1.390
[2020.07.15-00.22.25:237][  0]LogUnrealEdMisc: Total Editor Startup Time, took 44.908
[2020.07.15-00.22.25:808][  0]LogSlate: Updating window title bar state: overlay mode, drag disabled, window buttons hidden, title bar hidden
[2020.07.15-00.22.25:824][  0]LogSlate: Updating window title bar state: overlay mode, drag disabled, window buttons hidden, title bar hidden
[2020.07.15-00.22.25:837][  0]LogSlate: Updating window title bar state: overlay mode, drag disabled, window buttons hidden, title bar hidden
[2020.07.15-00.22.25:849][  0]LogSlate: Updating window title bar state: overlay mode, drag disabled, window buttons hidden, title bar hidden
[2020.07.15-00.22.25:928][  0]LogCollectionManager: Loaded 0 collections in 0.001245 seconds
[2020.07.15-00.22.26:022][  0]LogFileCache: Scanning file cache for directory 'E:/Udemy/unreal/ToonTanks/Saved/Collections/' took 0.00s
[2020.07.15-00.22.26:023][  0]LogFileCache: Scanning file cache for directory 'E:/Udemy/unreal/ToonTanks/Content/Developers/ZZ/Collections/' took 0.00s
[2020.07.15-00.22.26:023][  0]LogFileCache: Scanning file cache for directory 'E:/Udemy/unreal/ToonTanks/Content/Collections/' took 0.00s
[2020.07.15-00.22.26:023][  0]LogContentBrowser: Native class hierarchy populated in 0.0171 seconds. Added 3427 classes and 821 folders.
[2020.07.15-00.22.26:081][  0]LogContentBrowser: Native class hierarchy updated for 'WidgetCarousel' in 0.0005 seconds. Added 0 classes and 0 folders.
[2020.07.15-00.22.26:264][  0]LogContentBrowser: Native class hierarchy updated for 'AddContentDialog' in 0.0004 seconds. Added 0 classes and 0 folders.
[2020.07.15-00.22.26:313][  0]LogContentBrowser: Native class hierarchy updated for 'SceneOutliner' in 0.0006 seconds. Added 2 classes and 0 folders.
[2020.07.15-00.22.26:600][  0]LogSlate: Took 0.004731 seconds to synchronously load lazily loaded font '../../../Engine/Content/Slate/Fonts/Roboto-Regular.ttf' (155K)
[2020.07.15-00.22.26:636][  0]LogSlate: Took 0.033223 seconds to synchronously load lazily loaded font '../../../Engine/Content/Slate/Fonts/Roboto-Bold.ttf' (160K)
[2020.07.15-00.22.26:651][  0]LogSlate: Took 0.004914 seconds to synchronously load lazily loaded font '../../../Engine/Content/Editor/Slate/Fonts/FontAwesome.ttf' (139K)
[2020.07.15-00.22.26:906][  0]LogRenderer: Reallocating scene render targets to support 1208x600 Format 10 NumSamples 1 (Frame:1).
[2020.07.15-00.22.27:631][  0]LogContentBrowser: Native class hierarchy updated for 'HierarchicalLODOutliner' in 0.0004 seconds. Added 0 classes and 0 folders.
[2020.07.15-00.22.27:631][  0]LogLoad: (Engine Initialization) Total time: 47.30 seconds
[2020.07.15-00.22.27:631][  0]LogLoad: (Engine Initialization) Total Blueprint compile time: 0.00 seconds
[2020.07.15-00.22.27:840][  0]LogContentStreaming: Texture pool size now 1000 MB
[2020.07.15-00.22.28:053][  1]LogAssetRegistry: Asset discovery search completed in 31.5593 seconds
[2020.07.15-00.22.28:087][  1]LogCollectionManager: Fixed up redirectors for 0 collections in 0.000005 seconds (updated 0 objects)
[2020.07.15-00.22.28:240][  6]LogShaderCompilers: Display: Worker (8/9): shaders left to compile 41
[2020.07.15-00.22.28:712][ 55]LogSlate: Took 0.019062 seconds to synchronously load lazily loaded font '../../../Engine/Content/Slate/Fonts/Roboto-Light.ttf' (167K)
[2020.07.15-00.22.28:780][ 56]LogShaderCompilers: Display: Worker (4/9): shaders left to compile 35
[2020.07.15-00.22.28:846][ 57]LogShaderCompilers: Display: Worker (3/9): shaders left to compile 30
[2020.07.15-00.22.28:846][ 57]LogShaderCompilers: Display: Worker (1/9): shaders left to compile 26
[2020.07.15-00.22.29:539][100]LogShaderCompilers: Display: Worker (2/9): shaders left to compile 22
[2020.07.15-00.22.29:774][128]LogShaderCompilers: Display: Worker (7/9): shaders left to compile 19
[2020.07.15-00.22.30:121][169]LogShaderCompilers: Display: Worker (5/9): shaders left to compile 16
[2020.07.15-00.22.30:368][198]LogShaderCompilers: Display: Worker (3/9): shaders left to compile 13
[2020.07.15-00.22.31:051][278]LogShaderCompilers: Display: Worker (6/9): shaders left to compile 11
[2020.07.15-00.22.31:353][293]LogShaderCompilers: Display: Worker (1/9): shaders left to compile 9
[2020.07.15-00.22.31:422][301]LogShaderCompilers: Display: Worker (4/9): shaders left to compile 7
[2020.07.15-00.22.31:932][358]LogShaderCompilers: Display: Worker (8/9): shaders left to compile 6
[2020.07.15-00.22.32:015][368]LogShaderCompilers: Display: Worker (4/9): shaders left to compile 5
[2020.07.15-00.22.32:216][392]LogShaderCompilers: Display: Worker (4/9): shaders left to compile 4
[2020.07.15-00.22.32:425][417]LogShaderCompilers: Display: Worker (7/9): shaders left to compile 3
[2020.07.15-00.22.32:434][418]LogShaderCompilers: Display: Worker (3/9): shaders left to compile 2
[2020.07.15-00.22.32:434][418]LogShaderCompilers: Display: Worker (2/9): shaders left to compile 1
[2020.07.15-00.22.39:845][289]LogEditorViewport: Clicking on Actor (LMB): StaticMeshActor (Floor)
[2020.07.15-00.22.40:070][289]LogEditorViewport: Clicking on Component (LMB): StaticMeshComponent (StaticMeshComponent0)
[2020.07.15-00.22.41:088][376]LogEditorViewport: Clicking on Actor (LMB): BP_Sky_Sphere_C (Sky Sphere)
[2020.07.15-00.22.47:950][161]LogTemp: Repeating last play command: Selected Viewport
[2020.07.15-00.22.47:977][161]LogPlayLevel: PlayLevel: No blueprints needed recompiling
[2020.07.15-00.22.48:005][161]PIE: New page: PIE session: Main (Jul 14, 2020, 10:22:47 AM)
[2020.07.15-00.22.48:006][161]LogOnline: OSS: Creating online subsystem instance for: NULL
[2020.07.15-00.22.48:007][161]LogOnline: OSS: TryLoadSubsystemAndSetDefault: Loaded subsystem for module [NULL]
[2020.07.15-00.22.48:011][161]LogPlayLevel: Creating play world package: /Game/Maps/UEDPIE_0_Main
[2020.07.15-00.22.48:033][161]LogPlayLevel: PIE: StaticDuplicateObject took: (0.022580s)
[2020.07.15-00.22.48:034][161]LogAIModule: Creating AISystem for world Main
[2020.07.15-00.22.48:034][161]LogAISub: UAISubsystem::UAISubsystem EnvQueryManager (0000019429FD5400), frame # 2161
[2020.07.15-00.22.48:034][161]LogAISub: UAISubsystem::UAISubsystem AIPerceptionSystem (0000019417127D80), frame # 2161
[2020.07.15-00.22.48:034][161]LogPlayLevel: PIE: World Init took: (0.001006s)
[2020.07.15-00.22.48:034][161]LogPlayLevel: PIE: Created PIE world by copying editor world from /Game/Maps/Main.Main to /Game/Maps/UEDPIE_0_Main.Main (0.023725s)
[2020.07.15-00.22.48:045][161]LogUObjectHash: Compacting FUObjectHashTables data took   0.51ms
[2020.07.15-00.22.48:060][161]LogAudioMixer: Display: Audio Mixer Platform Settings:
[2020.07.15-00.22.48:060][161]LogAudioMixer: Display: 	Sample Rate:						  48000
[2020.07.15-00.22.48:060][161]LogAudioMixer: Display: 	Callback Buffer Frame Size Requested: 1024
[2020.07.15-00.22.48:060][161]LogAudioMixer: Display: 	Callback Buffer Frame Size To Use:	  1024
[2020.07.15-00.22.48:060][161]LogAudioMixer: Display: 	Number of buffers to queue:			  2
[2020.07.15-00.22.48:060][161]LogAudioMixer: Display: 	Max Channels (voices):				  32
[2020.07.15-00.22.48:060][161]LogAudioMixer: Display: 	Number of Async Source Workers:		  0
[2020.07.15-00.22.48:061][161]LogAudio: Display: AudioDevice MaxSources: 32
[2020.07.15-00.22.48:061][161]LogAudio: Display: Using built-in audio occlusion.
[2020.07.15-00.22.48:061][161]LogAudioMixer: Display: Initializing audio mixer.
[2020.07.15-00.22.48:077][161]LogAudioMixer: Display: 0: FrontLeft
[2020.07.15-00.22.48:077][161]LogAudioMixer: Display: 1: FrontRight
[2020.07.15-00.22.48:118][161]LogAudioMixer: Display: Using Audio Device LG Ultra HD (NVIDIA High Definition Audio)
[2020.07.15-00.22.48:118][161]LogAudioMixer: Display: Initializing Sound Submixes...
[2020.07.15-00.22.48:118][161]LogAudioMixer: Display: Creating Master Submix 'MasterSubmixDefault'
[2020.07.15-00.22.48:118][161]LogAudioMixer: Display: Creating Master Submix 'MasterReverbSubmixDefault'
[2020.07.15-00.22.48:119][161]LogAudioMixer: Display: Creating Master Submix 'MasterEQSubmixDefault'
[2020.07.15-00.22.48:132][161]LogInit: FAudioDevice initialized.
[2020.07.15-00.22.48:141][161]LogLoad: Game class is 'GameModeBase'
[2020.07.15-00.22.48:211][161]LogWorld: Bringing World /Game/Maps/UEDPIE_0_Main.Main up for play (max tick rate 0) at 2020.07.14-17.22.48
[2020.07.15-00.22.48:220][161]LogWorld: Bringing up level for play took: 0.001199
[2020.07.15-00.22.48:220][161]LogOnline: OSS: Creating online subsystem instance for: :Context_3
[2020.07.15-00.22.48:267][161]LogContentBrowser: Native class hierarchy updated for 'MovieSceneCapture' in 0.0003 seconds. Added 20 classes and 0 folders.
[2020.07.15-00.22.48:348][161]PIE: Server logged in
[2020.07.15-00.22.48:350][161]PIE: Play in editor total start time 0.394 seconds.
[2020.07.15-00.22.58:870][410]LogSlate: Updating window title bar state: overlay mode, drag disabled, window buttons hidden, title bar hidden
[2020.07.15-00.22.58:870][410]LogWorld: BeginTearingDown for /Game/Maps/UEDPIE_0_Main
[2020.07.15-00.22.58:870][410]LogWorld: UWorld::CleanupWorld for Main, bSessionEnded=true, bCleanupResources=true
[2020.07.15-00.22.58:871][410]LogSlate: InvalidateAllWidgets triggered.  All widgets were invalidated
[2020.07.15-00.22.58:878][410]LogPlayLevel: Display: Shutting down PIE online subsystems
[2020.07.15-00.22.58:998][410]LogSlate: InvalidateAllWidgets triggered.  All widgets were invalidated
[2020.07.15-00.22.59:321][410]LogSlate: Updating window title bar state: overlay mode, drag disabled, window buttons hidden, title bar hidden
[2020.07.15-00.22.59:545][410]LogAISub: UAISubsystem::~UAISubsystem EnvQueryManager (0000019429FD5400), frame # 3410
[2020.07.15-00.22.59:545][410]LogAISub: UAISubsystem::~UAISubsystem AIPerceptionSystem (0000019417127D80), frame # 3410
[2020.07.15-00.22.59:548][410]LogUObjectHash: Compacting FUObjectHashTables data took   0.53ms
[2020.07.15-00.22.59:566][411]LogPlayLevel: Display: Destroying online subsystem :Context_3
[2020.07.15-00.23.01:325][601]LogEditorViewport: Clicking on Actor (context menu): StaticMeshActor (Floor)
[2020.07.15-00.23.02:047][672]LogEditorViewport: Clicking on Actor (context menu): StaticMeshActor (Floor)
[2020.07.15-00.23.02:813][758]LogEditorViewport: Clicking on Actor (LMB): BP_Sky_Sphere_C (Sky Sphere)
[2020.07.15-00.23.04:874][991]LogEditorViewport: Clicking on Actor (LMB): StaticMeshActor (Floor)
[2020.07.15-00.23.31:913][ 59]LogSlate: WidgetSwitcher ('None') active index changed to -1
[2020.07.15-00.23.31:913][ 59]LogSlate: WidgetSwitcher ('None') active index changed to 0
[2020.07.15-00.23.31:982][ 59]LogSlate: Took 0.008940 seconds to synchronously load lazily loaded font '../../../Engine/Content/Slate/Fonts/Roboto-BoldCondensed.ttf' (158K)
[2020.07.15-00.25.59:000][328]LogSlate: WidgetSwitcher ('None') active index changed to 1
[2020.07.15-00.27.01:499][ 44]LogSlate: Window 'Add C++ Class' being destroyed
